
Welcome to Rust!

This will download and install the official compiler for the Rust
programming language, and its package manager, Cargo.

Rustup metadata and toolchains will be installed into the Rustup
home directory, located at:

  C:\Users\ricky\.rustup

This can be modified with the RUSTUP_HOME environment variable.

The Cargo home directory is located at:

  C:\Users\ricky\.cargo

This can be modified with the CARGO_HOME environment variable.

The cargo, rustc, rustup and other commands will be added to
Cargo's bin directory, located at:

  C:\Users\ricky\.cargo\bin

This path will then be added to your PATH environment variable by
modifying the HKEY_CURRENT_USER/Environment/PATH registry key.

You can uninstall at any time with rustup self uninstall and
these changes will be reverted.

Current installation options:


   default host triple: x86_64-pc-windows-msvc
     default toolchain: stable (default)
               profile: default
  modify PATH variable: yes

1) Proceed with standard installation (default - just press enter)
2) Customize installation
3) Cancel installation
>1

info: profile set to 'default'
info: default host triple is x86_64-pc-windows-msvc
info: syncing channel updates for 'stable-x86_64-pc-windows-msvc'
info: latest update on 2025-04-03, rust version 1.86.0 (05f9846f8 2025-03-31)
info: downloading component 'cargo'
info: retrying download for 'https://static.rust-lang.org/dist/2025-04-03/cargo-1.86.0-x86_64-pc-windows-msvc.tar.xz'
  7.0 MiB /   7.0 MiB (100 %)   6.2 MiB/s in  1s
info: downloading component 'clippy'
info: downloading component 'rust-docs'
info: retrying download for 'https://static.rust-lang.org/dist/2025-04-03/rust-docs-1.86.0-x86_64-pc-windows-msvc.tar.xz'
 21.2 MiB /  21.2 MiB (100 %)   3.0 MiB/s in  9s
info: downloading component 'rust-std'
 22.6 MiB /  22.6 MiB (100 %)   5.8 MiB/s in  4s
info: downloading component 'rustc'
info: retrying download for 'https://static.rust-lang.org/dist/2025-04-03/rustc-1.86.0-x86_64-pc-windows-msvc.tar.xz'
 69.4 MiB /  69.4 MiB (100 %)   5.4 MiB/s in 18s
info: downloading component 'rustfmt'
info: retrying download for 'https://static.rust-lang.org/dist/2025-04-03/rustfmt-1.86.0-x86_64-pc-windows-msvc.tar.xz'
  1.7 MiB /   1.7 MiB (100 %) 1015.0 KiB/s in  1s
info: installing component 'cargo'
  7.0 MiB /   7.0 MiB (100 %)   6.7 MiB/s in  1s
info: installing component 'clippy'
info: installing component 'rust-docs'
 21.2 MiB /  21.2 MiB (100 %)   2.0 MiB/s in 18s
info: installing component 'rust-std'
 22.6 MiB /  22.6 MiB (100 %)   6.4 MiB/s in  3s
info: installing component 'rustc'
 69.4 MiB /  69.4 MiB (100 %)   6.8 MiB/s in 10s
info: installing component 'rustfmt'
info: default toolchain set to 'stable-x86_64-pc-windows-msvc'

  stable-x86_64-pc-windows-msvc installed - (timeout reading rustc version)


Rust is installed now. Great!

To get started you may need to restart your current shell.
This would reload its PATH environment variable to include
Cargo's bin directory (%USERPROFILE%\.cargo\bin).

Press the Enter key to continue.


#. I press enter then shell close 
#. re-open a new command prompt then check the version installed. 

C:\Users\ricky>rustc --version
rustc 1.86.0 (05f9846f8 2025-03-31)

C:\Users\ricky>rustup --version
rustup 1.28.1 (f9edccde0 2025-03-05)
info: This is the version for the rustup toolchain manager, not the rustc compiler.
info: The currently active `rustc` version is `rustc 1.86.0 (05f9846f8 2025-03-31)`

C:\Users\ricky>carog --version
'carog' is not recognized as an internal or external command,
operable program or batch file.

C:\Users\ricky>cargo --version
cargo 1.86.0 (adf9b6ad1 2025-02-28)

C:\Users\ricky>